<?xml version="1.0" encoding="UTF-8"?>
<!-- Generated by org.testng.reporters.JUnitXMLReporter -->
<testsuite ignored="0" hostname="Komal" failures="9" tests="20" name="Default test" time="38.775" errors="0" timestamp="2026-09-08T12:13:14 GMT-07:00">
  <testcase classname="io.cucumber.testng.AbstractTestNGCucumberTests" name="runScenario" time="1.855"/>
  <testcase classname="io.cucumber.testng.AbstractTestNGCucumberTests" name="runScenario" time="1.424"/>
  <testcase classname="io.cucumber.testng.AbstractTestNGCucumberTests" name="runScenario" time="1.411"/>
  <testcase classname="io.cucumber.testng.AbstractTestNGCucumberTests" name="runScenario" time="6.445"/>
  <testcase classname="io.cucumber.testng.AbstractTestNGCucumberTests" name="runScenario" time="1.534"/>
  <testcase classname="io.cucumber.testng.AbstractTestNGCucumberTests" name="runScenario" time="1.432"/>
  <testcase classname="io.cucumber.testng.AbstractTestNGCucumberTests" name="runScenario" time="1.62"/>
  <testcase classname="io.cucumber.testng.AbstractTestNGCucumberTests" name="runScenario" time="1.661"/>
  <testcase classname="io.cucumber.testng.AbstractTestNGCucumberTests" name="runScenario" time="1.629"/>
  <testcase classname="io.cucumber.testng.AbstractTestNGCucumberTests" name="runScenario" time="1.608"/>
  <testcase classname="io.cucumber.testng.AbstractTestNGCucumberTests" name="runScenario" time="1.741"/>
  <testcase classname="io.cucumber.testng.AbstractTestNGCucumberTests" name="runScenario" time="1.658">
    <failure type="io.cucumber.testng.UndefinedStepException" message="The step &amp;apos;user selects &amp;quot;Price (low to high)&amp;quot; from the sort dropdown&amp;apos; is undefined.
You can implement this step using the snippet(s) below:

@When(&amp;quot;user selects {string} from the sort dropdown&amp;quot;)
public void user_selects_from_the_sort_dropdown(String string) {
    // Write code here that turns the phrase above into concrete actions
    throw new io.cucumber.java.PendingException();
}
">
      <![CDATA[io.cucumber.testng.UndefinedStepException: The step 'user selects "Price (low to high)" from the sort dropdown' is undefined.
You can implement this step using the snippet(s) below:

@When("user selects {string} from the sort dropdown")
public void user_selects_from_the_sort_dropdown(String string) {
    // Write code here that turns the phrase above into concrete actions
    throw new io.cucumber.java.PendingException();
}

at ✽.user selects "Price (low to high)" from the sort dropdown(file:///C:/Users/spgit/OneDrive/Software%20testing_Target/Automation_Projects/Sauce_Lab_BDD_framework/src/test/resources/SauceAppTests/productsPage.feature:37)
]]>
    </failure>
  </testcase> <!-- runScenario -->
  <testcase classname="io.cucumber.testng.AbstractTestNGCucumberTests" name="runScenario" time="1.738">
    <failure type="io.cucumber.testng.UndefinedStepException" message="The step &amp;apos;user selects &amp;quot;Price (high to low)&amp;quot; from the sort dropdown&amp;apos; is undefined.
You can implement this step using the snippet(s) below:

@When(&amp;quot;user selects {string} from the sort dropdown&amp;quot;)
public void user_selects_from_the_sort_dropdown(String string) {
    // Write code here that turns the phrase above into concrete actions
    throw new io.cucumber.java.PendingException();
}
">
      <![CDATA[io.cucumber.testng.UndefinedStepException: The step 'user selects "Price (high to low)" from the sort dropdown' is undefined.
You can implement this step using the snippet(s) below:

@When("user selects {string} from the sort dropdown")
public void user_selects_from_the_sort_dropdown(String string) {
    // Write code here that turns the phrase above into concrete actions
    throw new io.cucumber.java.PendingException();
}

at ✽.user selects "Price (high to low)" from the sort dropdown(file:///C:/Users/spgit/OneDrive/Software%20testing_Target/Automation_Projects/Sauce_Lab_BDD_framework/src/test/resources/SauceAppTests/productsPage.feature:42)
]]>
    </failure>
  </testcase> <!-- runScenario -->
  <testcase classname="io.cucumber.testng.AbstractTestNGCucumberTests" name="runScenario" time="1.662">
    <failure type="io.cucumber.java.PendingException" message="TODO: implement me">
      <![CDATA[io.cucumber.java.PendingException: TODO: implement me
at Step_Def_Classes.ProductsPage.user_clicks_on_a_product_name(ProductsPage.java:160)
at ✽.user clicks on a product name(file:///C:/Users/spgit/OneDrive/Software%20testing_Target/Automation_Projects/Sauce_Lab_BDD_framework/src/test/resources/SauceAppTests/productsPage.feature:47)
]]>
    </failure>
  </testcase> <!-- runScenario -->
  <testcase classname="io.cucumber.testng.AbstractTestNGCucumberTests" name="runScenario" time="1.822">
    <failure type="io.cucumber.java.PendingException" message="TODO: implement me">
      <![CDATA[io.cucumber.java.PendingException: TODO: implement me
at Step_Def_Classes.ProductsPage.user_clicks_add_to_cart_for(ProductsPage.java:196)
at ✽.user clicks Add to cart for "Sauce Labs Backpack"(file:///C:/Users/spgit/OneDrive/Software%20testing_Target/Automation_Projects/Sauce_Lab_BDD_framework/src/test/resources/SauceAppTests/productsPage.feature:56)
]]>
    </failure>
  </testcase> <!-- runScenario -->
  <testcase classname="io.cucumber.testng.AbstractTestNGCucumberTests" name="runScenario" time="1.753">
    <failure type="io.cucumber.java.PendingException" message="TODO: implement me">
      <![CDATA[io.cucumber.java.PendingException: TODO: implement me
at Step_Def_Classes.ProductsPage.user_adds_to_the_cart(ProductsPage.java:214)
at ✽.user adds "Sauce Labs Backpack" to the cart(file:///C:/Users/spgit/OneDrive/Software%20testing_Target/Automation_Projects/Sauce_Lab_BDD_framework/src/test/resources/SauceAppTests/productsPage.feature:62)
]]>
    </failure>
  </testcase> <!-- runScenario -->
  <testcase classname="io.cucumber.testng.AbstractTestNGCucumberTests" name="runScenario" time="1.732">
    <failure type="io.cucumber.java.PendingException" message="TODO: implement me">
      <![CDATA[io.cucumber.java.PendingException: TODO: implement me
at Step_Def_Classes.ProductsPage.user_clicks_add_to_cart_for(ProductsPage.java:196)
at ✽.user clicks Add to cart for "Sauce Labs Backpack"(file:///C:/Users/spgit/OneDrive/Software%20testing_Target/Automation_Projects/Sauce_Lab_BDD_framework/src/test/resources/SauceAppTests/productsPage.feature:68)
]]>
    </failure>
  </testcase> <!-- runScenario -->
  <testcase classname="io.cucumber.testng.AbstractTestNGCucumberTests" name="runScenario" time="1.73">
    <failure type="io.cucumber.java.PendingException" message="TODO: implement me">
      <![CDATA[io.cucumber.java.PendingException: TODO: implement me
at Step_Def_Classes.ProductsPage.is_added_to_the_cart(ProductsPage.java:226)
at ✽."Sauce Labs Backpack" is added to the cart(file:///C:/Users/spgit/OneDrive/Software%20testing_Target/Automation_Projects/Sauce_Lab_BDD_framework/src/test/resources/SauceAppTests/productsPage.feature:73)
]]>
    </failure>
  </testcase> <!-- runScenario -->
  <testcase classname="io.cucumber.testng.AbstractTestNGCucumberTests" name="runScenario" time="1.717">
    <failure type="io.cucumber.java.PendingException" message="TODO: implement me">
      <![CDATA[io.cucumber.java.PendingException: TODO: implement me
at Step_Def_Classes.ProductsPage.user_adds_to_the_cart(ProductsPage.java:214)
at ✽.user adds "Sauce Labs Backpack" to the cart(file:///C:/Users/spgit/OneDrive/Software%20testing_Target/Automation_Projects/Sauce_Lab_BDD_framework/src/test/resources/SauceAppTests/productsPage.feature:80)
]]>
    </failure>
  </testcase> <!-- runScenario -->
  <testcase classname="io.cucumber.testng.AbstractTestNGCucumberTests" name="runScenario" time="1.791">
    <failure type="io.cucumber.java.PendingException" message="TODO: implement me">
      <![CDATA[io.cucumber.java.PendingException: TODO: implement me
at Step_Def_Classes.ProductsPage.user_clicks_on_the_shopping_cart_icon(ProductsPage.java:250)
at ✽.user clicks on the shopping cart icon(file:///C:/Users/spgit/OneDrive/Software%20testing_Target/Automation_Projects/Sauce_Lab_BDD_framework/src/test/resources/SauceAppTests/productsPage.feature:87)
]]>
    </failure>
  </testcase> <!-- runScenario -->
</testsuite> <!-- Default test -->
