<?xml version="1.0" encoding="UTF-8"?>
<!-- Generated by org.testng.reporters.JUnitXMLReporter -->
<testsuite ignored="0" hostname="Komal" failures="13" tests="20" name="Default test" time="50.864" errors="0" timestamp="2026-09-07T08:31:10 GMT-07:00">
  <testcase classname="io.cucumber.testng.AbstractTestNGCucumberTests" name="runScenario" time="3.777"/>
  <testcase classname="io.cucumber.testng.AbstractTestNGCucumberTests" name="runScenario" time="1.759"/>
  <testcase classname="io.cucumber.testng.AbstractTestNGCucumberTests" name="runScenario" time="2.038"/>
  <testcase classname="io.cucumber.testng.AbstractTestNGCucumberTests" name="runScenario" time="7.162"/>
  <testcase classname="io.cucumber.testng.AbstractTestNGCucumberTests" name="runScenario" time="2.056"/>
  <testcase classname="io.cucumber.testng.AbstractTestNGCucumberTests" name="runScenario" time="2.032"/>
  <testcase classname="io.cucumber.testng.AbstractTestNGCucumberTests" name="runScenario" time="2.199"/>
  <testcase classname="io.cucumber.testng.AbstractTestNGCucumberTests" name="runScenario" time="2.085">
    <failure type="io.cucumber.java.PendingException" message="TODO: implement me">
      <![CDATA[io.cucumber.java.PendingException: TODO: implement me
at Step_Def_Classes.ProductsPage.each_product_should_have_a_product_name(ProductsPage.java:71)
at ✽.each product should have a product name(file:///C:/Users/spgit/OneDrive/Software%20testing_Target/Automation_Projects/Sauce_Lab_BDD_framework/src/test/resources/SauceAppTests/productsPage.feature:16)
]]>
    </failure>
  </testcase> <!-- runScenario -->
  <testcase classname="io.cucumber.testng.AbstractTestNGCucumberTests" name="runScenario" time="2.158">
    <failure type="io.cucumber.java.PendingException" message="TODO: implement me">
      <![CDATA[io.cucumber.java.PendingException: TODO: implement me
at Step_Def_Classes.ProductsPage.user_views_the_product_list(ProductsPage.java:89)
at ✽.user views the product list(file:///C:/Users/spgit/OneDrive/Software%20testing_Target/Automation_Projects/Sauce_Lab_BDD_framework/src/test/resources/SauceAppTests/productsPage.feature:22)
]]>
    </failure>
  </testcase> <!-- runScenario -->
  <testcase classname="io.cucumber.testng.AbstractTestNGCucumberTests" name="runScenario" time="2.172">
    <failure type="io.cucumber.java.PendingException" message="TODO: implement me">
      <![CDATA[io.cucumber.java.PendingException: TODO: implement me
at Step_Def_Classes.ProductsPage.user_selects_from_the_sort_dropdown(ProductsPage.java:101)
at ✽.user selects "Name (A to Z)" from the sort dropdown(file:///C:/Users/spgit/OneDrive/Software%20testing_Target/Automation_Projects/Sauce_Lab_BDD_framework/src/test/resources/SauceAppTests/productsPage.feature:27)
]]>
    </failure>
  </testcase> <!-- runScenario -->
  <testcase classname="io.cucumber.testng.AbstractTestNGCucumberTests" name="runScenario" time="2.117">
    <failure type="io.cucumber.java.PendingException" message="TODO: implement me">
      <![CDATA[io.cucumber.java.PendingException: TODO: implement me
at Step_Def_Classes.ProductsPage.user_selects_from_the_sort_dropdown(ProductsPage.java:101)
at ✽.user selects "Name (Z to A)" from the sort dropdown(file:///C:/Users/spgit/OneDrive/Software%20testing_Target/Automation_Projects/Sauce_Lab_BDD_framework/src/test/resources/SauceAppTests/productsPage.feature:32)
]]>
    </failure>
  </testcase> <!-- runScenario -->
  <testcase classname="io.cucumber.testng.AbstractTestNGCucumberTests" name="runScenario" time="2.18">
    <failure type="io.cucumber.java.PendingException" message="TODO: implement me">
      <![CDATA[io.cucumber.java.PendingException: TODO: implement me
at Step_Def_Classes.ProductsPage.user_selects_from_the_sort_dropdown(ProductsPage.java:101)
at ✽.user selects "Price (low to high)" from the sort dropdown(file:///C:/Users/spgit/OneDrive/Software%20testing_Target/Automation_Projects/Sauce_Lab_BDD_framework/src/test/resources/SauceAppTests/productsPage.feature:37)
]]>
    </failure>
  </testcase> <!-- runScenario -->
  <testcase classname="io.cucumber.testng.AbstractTestNGCucumberTests" name="runScenario" time="2.206">
    <failure type="io.cucumber.java.PendingException" message="TODO: implement me">
      <![CDATA[io.cucumber.java.PendingException: TODO: implement me
at Step_Def_Classes.ProductsPage.user_selects_from_the_sort_dropdown(ProductsPage.java:101)
at ✽.user selects "Price (high to low)" from the sort dropdown(file:///C:/Users/spgit/OneDrive/Software%20testing_Target/Automation_Projects/Sauce_Lab_BDD_framework/src/test/resources/SauceAppTests/productsPage.feature:42)
]]>
    </failure>
  </testcase> <!-- runScenario -->
  <testcase classname="io.cucumber.testng.AbstractTestNGCucumberTests" name="runScenario" time="2.247">
    <failure type="io.cucumber.java.PendingException" message="TODO: implement me">
      <![CDATA[io.cucumber.java.PendingException: TODO: implement me
at Step_Def_Classes.ProductsPage.user_clicks_on_a_product_name(ProductsPage.java:131)
at ✽.user clicks on a product name(file:///C:/Users/spgit/OneDrive/Software%20testing_Target/Automation_Projects/Sauce_Lab_BDD_framework/src/test/resources/SauceAppTests/productsPage.feature:47)
]]>
    </failure>
  </testcase> <!-- runScenario -->
  <testcase classname="io.cucumber.testng.AbstractTestNGCucumberTests" name="runScenario" time="2.162">
    <failure type="io.cucumber.java.PendingException" message="TODO: implement me">
      <![CDATA[io.cucumber.java.PendingException: TODO: implement me
at Step_Def_Classes.ProductsPage.user_clicks_add_to_cart_for(ProductsPage.java:167)
at ✽.user clicks Add to cart for "Sauce Labs Backpack"(file:///C:/Users/spgit/OneDrive/Software%20testing_Target/Automation_Projects/Sauce_Lab_BDD_framework/src/test/resources/SauceAppTests/productsPage.feature:56)
]]>
    </failure>
  </testcase> <!-- runScenario -->
  <testcase classname="io.cucumber.testng.AbstractTestNGCucumberTests" name="runScenario" time="2.259">
    <failure type="io.cucumber.java.PendingException" message="TODO: implement me">
      <![CDATA[io.cucumber.java.PendingException: TODO: implement me
at Step_Def_Classes.ProductsPage.user_adds_to_the_cart(ProductsPage.java:185)
at ✽.user adds "Sauce Labs Backpack" to the cart(file:///C:/Users/spgit/OneDrive/Software%20testing_Target/Automation_Projects/Sauce_Lab_BDD_framework/src/test/resources/SauceAppTests/productsPage.feature:62)
]]>
    </failure>
  </testcase> <!-- runScenario -->
  <testcase classname="io.cucumber.testng.AbstractTestNGCucumberTests" name="runScenario" time="2.279">
    <failure type="io.cucumber.java.PendingException" message="TODO: implement me">
      <![CDATA[io.cucumber.java.PendingException: TODO: implement me
at Step_Def_Classes.ProductsPage.user_clicks_add_to_cart_for(ProductsPage.java:167)
at ✽.user clicks Add to cart for "Sauce Labs Backpack"(file:///C:/Users/spgit/OneDrive/Software%20testing_Target/Automation_Projects/Sauce_Lab_BDD_framework/src/test/resources/SauceAppTests/productsPage.feature:68)
]]>
    </failure>
  </testcase> <!-- runScenario -->
  <testcase classname="io.cucumber.testng.AbstractTestNGCucumberTests" name="runScenario" time="2.134">
    <failure type="io.cucumber.java.PendingException" message="TODO: implement me">
      <![CDATA[io.cucumber.java.PendingException: TODO: implement me
at Step_Def_Classes.ProductsPage.is_added_to_the_cart(ProductsPage.java:197)
at ✽."Sauce Labs Backpack" is added to the cart(file:///C:/Users/spgit/OneDrive/Software%20testing_Target/Automation_Projects/Sauce_Lab_BDD_framework/src/test/resources/SauceAppTests/productsPage.feature:73)
]]>
    </failure>
  </testcase> <!-- runScenario -->
  <testcase classname="io.cucumber.testng.AbstractTestNGCucumberTests" name="runScenario" time="2.371">
    <failure type="io.cucumber.java.PendingException" message="TODO: implement me">
      <![CDATA[io.cucumber.java.PendingException: TODO: implement me
at Step_Def_Classes.ProductsPage.user_adds_to_the_cart(ProductsPage.java:185)
at ✽.user adds "Sauce Labs Backpack" to the cart(file:///C:/Users/spgit/OneDrive/Software%20testing_Target/Automation_Projects/Sauce_Lab_BDD_framework/src/test/resources/SauceAppTests/productsPage.feature:80)
]]>
    </failure>
  </testcase> <!-- runScenario -->
  <testcase classname="io.cucumber.testng.AbstractTestNGCucumberTests" name="runScenario" time="2.321">
    <failure type="io.cucumber.java.PendingException" message="TODO: implement me">
      <![CDATA[io.cucumber.java.PendingException: TODO: implement me
at Step_Def_Classes.ProductsPage.user_clicks_on_the_shopping_cart_icon(ProductsPage.java:221)
at ✽.user clicks on the shopping cart icon(file:///C:/Users/spgit/OneDrive/Software%20testing_Target/Automation_Projects/Sauce_Lab_BDD_framework/src/test/resources/SauceAppTests/productsPage.feature:87)
]]>
    </failure>
  </testcase> <!-- runScenario -->
</testsuite> <!-- Default test -->
