<?xml version="1.0" encoding="UTF-8"?>
<testng-results ignored="0" total="20" passed="7" failed="13" skipped="0">
  <reporter-output>
  </reporter-output>
  <suite started-at="2026-09-07T08:30:19 GMT-07:00" name="Default suite" finished-at="2026-09-07T08:31:10 GMT-07:00" duration-ms="50864">
    <groups>
      <group name="cucumber">
        <method signature="AbstractTestNGCucumberTests.runScenario(io.cucumber.testng.PickleWrapper,io.cucumber.testng.FeatureWrapper)[pri:0, instance:Runner_Class.Runner_class@26b3fd41]" name="runScenario" class="io.cucumber.testng.AbstractTestNGCucumberTests"/>
      </group> <!-- cucumber -->
    </groups>
    <test started-at="2026-09-07T08:30:19 GMT-07:00" name="Default test" finished-at="2026-09-07T08:31:10 GMT-07:00" duration-ms="50864">
      <class name="Runner_Class.Runner_class">
        <test-method is-config="true" signature="setUpClass(org.testng.ITestContext)[pri:0, instance:Runner_Class.Runner_class@26b3fd41]" started-at="2026-09-07T08:30:19 GMT-07:00" name="setUpClass" finished-at="2026-09-07T08:30:19 GMT-07:00" duration-ms="505" status="PASS">
          <params>
            <param index="0">
              <value>
                <![CDATA[org.testng.TestRunner@33e50ff2]]>
              </value>
            </param>
          </params>
          <reporter-output>
          </reporter-output>
        </test-method> <!-- setUpClass -->
        <test-method signature="runScenario(io.cucumber.testng.PickleWrapper,io.cucumber.testng.FeatureWrapper)[pri:0, instance:Runner_Class.Runner_class@26b3fd41]" started-at="2026-09-07T08:30:19 GMT-07:00" name="runScenario" description="Runs Cucumber Scenarios" data-provider="scenarios" finished-at="2026-09-07T08:30:23 GMT-07:00" duration-ms="3777" status="PASS">
          <params>
            <param index="0">
              <value>
                <![CDATA["Validate the Title"]]>
              </value>
            </param>
            <param index="1">
              <value>
                <![CDATA["Login Functionality"]]>
              </value>
            </param>
          </params>
          <reporter-output>
          </reporter-output>
        </test-method> <!-- runScenario -->
        <test-method signature="runScenario(io.cucumber.testng.PickleWrapper,io.cucumber.testng.FeatureWrapper)[pri:0, instance:Runner_Class.Runner_class@26b3fd41]" started-at="2026-09-07T08:30:23 GMT-07:00" name="runScenario" description="Runs Cucumber Scenarios" data-provider="scenarios" finished-at="2026-09-07T08:30:25 GMT-07:00" duration-ms="1759" status="PASS">
          <params>
            <param index="0">
              <value>
                <![CDATA["Login with valid credentials"]]>
              </value>
            </param>
            <param index="1">
              <value>
                <![CDATA["Login Functionality"]]>
              </value>
            </param>
          </params>
          <reporter-output>
          </reporter-output>
        </test-method> <!-- runScenario -->
        <test-method signature="runScenario(io.cucumber.testng.PickleWrapper,io.cucumber.testng.FeatureWrapper)[pri:0, instance:Runner_Class.Runner_class@26b3fd41]" started-at="2026-09-07T08:30:25 GMT-07:00" name="runScenario" description="Runs Cucumber Scenarios" data-provider="scenarios" finished-at="2026-09-07T08:30:27 GMT-07:00" duration-ms="2038" status="PASS">
          <params>
            <param index="0">
              <value>
                <![CDATA["Login with valid credentials"]]>
              </value>
            </param>
            <param index="1">
              <value>
                <![CDATA["Login Functionality"]]>
              </value>
            </param>
          </params>
          <reporter-output>
          </reporter-output>
        </test-method> <!-- runScenario -->
        <test-method signature="runScenario(io.cucumber.testng.PickleWrapper,io.cucumber.testng.FeatureWrapper)[pri:0, instance:Runner_Class.Runner_class@26b3fd41]" started-at="2026-09-07T08:30:27 GMT-07:00" name="runScenario" description="Runs Cucumber Scenarios" data-provider="scenarios" finished-at="2026-09-07T08:30:34 GMT-07:00" duration-ms="7162" status="PASS">
          <params>
            <param index="0">
              <value>
                <![CDATA["Login with valid credentials"]]>
              </value>
            </param>
            <param index="1">
              <value>
                <![CDATA["Login Functionality"]]>
              </value>
            </param>
          </params>
          <reporter-output>
          </reporter-output>
        </test-method> <!-- runScenario -->
        <test-method signature="runScenario(io.cucumber.testng.PickleWrapper,io.cucumber.testng.FeatureWrapper)[pri:0, instance:Runner_Class.Runner_class@26b3fd41]" started-at="2026-09-07T08:30:34 GMT-07:00" name="runScenario" description="Runs Cucumber Scenarios" data-provider="scenarios" finished-at="2026-09-07T08:30:36 GMT-07:00" duration-ms="2056" status="PASS">
          <params>
            <param index="0">
              <value>
                <![CDATA["Login with valid credentials"]]>
              </value>
            </param>
            <param index="1">
              <value>
                <![CDATA["Login Functionality"]]>
              </value>
            </param>
          </params>
          <reporter-output>
          </reporter-output>
        </test-method> <!-- runScenario -->
        <test-method signature="runScenario(io.cucumber.testng.PickleWrapper,io.cucumber.testng.FeatureWrapper)[pri:0, instance:Runner_Class.Runner_class@26b3fd41]" started-at="2026-09-07T08:30:36 GMT-07:00" name="runScenario" description="Runs Cucumber Scenarios" data-provider="scenarios" finished-at="2026-09-07T08:30:38 GMT-07:00" duration-ms="2032" status="PASS">
          <params>
            <param index="0">
              <value>
                <![CDATA["Login with valid credentials"]]>
              </value>
            </param>
            <param index="1">
              <value>
                <![CDATA["Login Functionality"]]>
              </value>
            </param>
          </params>
          <reporter-output>
          </reporter-output>
        </test-method> <!-- runScenario -->
        <test-method signature="runScenario(io.cucumber.testng.PickleWrapper,io.cucumber.testng.FeatureWrapper)[pri:0, instance:Runner_Class.Runner_class@26b3fd41]" started-at="2026-09-07T08:30:38 GMT-07:00" name="runScenario" description="Runs Cucumber Scenarios" data-provider="scenarios" finished-at="2026-09-07T08:30:40 GMT-07:00" duration-ms="2199" status="PASS">
          <params>
            <param index="0">
              <value>
                <![CDATA["Verify Products page is displayed successfully"]]>
              </value>
            </param>
            <param index="1">
              <value>
                <![CDATA["Products page functionality"]]>
              </value>
            </param>
          </params>
          <reporter-output>
          </reporter-output>
        </test-method> <!-- runScenario -->
        <test-method signature="runScenario(io.cucumber.testng.PickleWrapper,io.cucumber.testng.FeatureWrapper)[pri:0, instance:Runner_Class.Runner_class@26b3fd41]" started-at="2026-09-07T08:30:40 GMT-07:00" name="runScenario" description="Runs Cucumber Scenarios" data-provider="scenarios" finished-at="2026-09-07T08:30:42 GMT-07:00" duration-ms="2085" status="FAIL">
          <params>
            <param index="0">
              <value>
                <![CDATA["Verify all products are displayed on Products page"]]>
              </value>
            </param>
            <param index="1">
              <value>
                <![CDATA["Products page functionality"]]>
              </value>
            </param>
          </params>
          <exception class="io.cucumber.java.PendingException">
            <message>
              <![CDATA[TODO: implement me]]>
            </message>
            <full-stacktrace>
              <![CDATA[io.cucumber.java.PendingException: TODO: implement me
at Step_Def_Classes.ProductsPage.each_product_should_have_a_product_name(ProductsPage.java:71)
at ✽.each product should have a product name(file:///C:/Users/spgit/OneDrive/Software%20testing_Target/Automation_Projects/Sauce_Lab_BDD_framework/src/test/resources/SauceAppTests/productsPage.feature:16)
]]>
            </full-stacktrace>
          </exception> <!-- io.cucumber.java.PendingException -->
          <reporter-output>
          </reporter-output>
        </test-method> <!-- runScenario -->
        <test-method signature="runScenario(io.cucumber.testng.PickleWrapper,io.cucumber.testng.FeatureWrapper)[pri:0, instance:Runner_Class.Runner_class@26b3fd41]" started-at="2026-09-07T08:30:42 GMT-07:00" name="runScenario" description="Runs Cucumber Scenarios" data-provider="scenarios" finished-at="2026-09-07T08:30:45 GMT-07:00" duration-ms="2158" status="FAIL">
          <params>
            <param index="0">
              <value>
                <![CDATA["Verify product price is displayed correctly"]]>
              </value>
            </param>
            <param index="1">
              <value>
                <![CDATA["Products page functionality"]]>
              </value>
            </param>
          </params>
          <exception class="io.cucumber.java.PendingException">
            <message>
              <![CDATA[TODO: implement me]]>
            </message>
            <full-stacktrace>
              <![CDATA[io.cucumber.java.PendingException: TODO: implement me
at Step_Def_Classes.ProductsPage.user_views_the_product_list(ProductsPage.java:89)
at ✽.user views the product list(file:///C:/Users/spgit/OneDrive/Software%20testing_Target/Automation_Projects/Sauce_Lab_BDD_framework/src/test/resources/SauceAppTests/productsPage.feature:22)
]]>
            </full-stacktrace>
          </exception> <!-- io.cucumber.java.PendingException -->
          <reporter-output>
          </reporter-output>
        </test-method> <!-- runScenario -->
        <test-method signature="runScenario(io.cucumber.testng.PickleWrapper,io.cucumber.testng.FeatureWrapper)[pri:0, instance:Runner_Class.Runner_class@26b3fd41]" started-at="2026-09-07T08:30:45 GMT-07:00" name="runScenario" description="Runs Cucumber Scenarios" data-provider="scenarios" finished-at="2026-09-07T08:30:47 GMT-07:00" duration-ms="2172" status="FAIL">
          <params>
            <param index="0">
              <value>
                <![CDATA["Verify user can sort products by Name A to Z"]]>
              </value>
            </param>
            <param index="1">
              <value>
                <![CDATA["Products page functionality"]]>
              </value>
            </param>
          </params>
          <exception class="io.cucumber.java.PendingException">
            <message>
              <![CDATA[TODO: implement me]]>
            </message>
            <full-stacktrace>
              <![CDATA[io.cucumber.java.PendingException: TODO: implement me
at Step_Def_Classes.ProductsPage.user_selects_from_the_sort_dropdown(ProductsPage.java:101)
at ✽.user selects "Name (A to Z)" from the sort dropdown(file:///C:/Users/spgit/OneDrive/Software%20testing_Target/Automation_Projects/Sauce_Lab_BDD_framework/src/test/resources/SauceAppTests/productsPage.feature:27)
]]>
            </full-stacktrace>
          </exception> <!-- io.cucumber.java.PendingException -->
          <reporter-output>
          </reporter-output>
        </test-method> <!-- runScenario -->
        <test-method signature="runScenario(io.cucumber.testng.PickleWrapper,io.cucumber.testng.FeatureWrapper)[pri:0, instance:Runner_Class.Runner_class@26b3fd41]" started-at="2026-09-07T08:30:47 GMT-07:00" name="runScenario" description="Runs Cucumber Scenarios" data-provider="scenarios" finished-at="2026-09-07T08:30:49 GMT-07:00" duration-ms="2117" status="FAIL">
          <params>
            <param index="0">
              <value>
                <![CDATA["Verify user can sort products by Name Z to A"]]>
              </value>
            </param>
            <param index="1">
              <value>
                <![CDATA["Products page functionality"]]>
              </value>
            </param>
          </params>
          <exception class="io.cucumber.java.PendingException">
            <message>
              <![CDATA[TODO: implement me]]>
            </message>
            <full-stacktrace>
              <![CDATA[io.cucumber.java.PendingException: TODO: implement me
at Step_Def_Classes.ProductsPage.user_selects_from_the_sort_dropdown(ProductsPage.java:101)
at ✽.user selects "Name (Z to A)" from the sort dropdown(file:///C:/Users/spgit/OneDrive/Software%20testing_Target/Automation_Projects/Sauce_Lab_BDD_framework/src/test/resources/SauceAppTests/productsPage.feature:32)
]]>
            </full-stacktrace>
          </exception> <!-- io.cucumber.java.PendingException -->
          <reporter-output>
          </reporter-output>
        </test-method> <!-- runScenario -->
        <test-method signature="runScenario(io.cucumber.testng.PickleWrapper,io.cucumber.testng.FeatureWrapper)[pri:0, instance:Runner_Class.Runner_class@26b3fd41]" started-at="2026-09-07T08:30:49 GMT-07:00" name="runScenario" description="Runs Cucumber Scenarios" data-provider="scenarios" finished-at="2026-09-07T08:30:51 GMT-07:00" duration-ms="2180" status="FAIL">
          <params>
            <param index="0">
              <value>
                <![CDATA["Verify user can sort products by Price low to high"]]>
              </value>
            </param>
            <param index="1">
              <value>
                <![CDATA["Products page functionality"]]>
              </value>
            </param>
          </params>
          <exception class="io.cucumber.java.PendingException">
            <message>
              <![CDATA[TODO: implement me]]>
            </message>
            <full-stacktrace>
              <![CDATA[io.cucumber.java.PendingException: TODO: implement me
at Step_Def_Classes.ProductsPage.user_selects_from_the_sort_dropdown(ProductsPage.java:101)
at ✽.user selects "Price (low to high)" from the sort dropdown(file:///C:/Users/spgit/OneDrive/Software%20testing_Target/Automation_Projects/Sauce_Lab_BDD_framework/src/test/resources/SauceAppTests/productsPage.feature:37)
]]>
            </full-stacktrace>
          </exception> <!-- io.cucumber.java.PendingException -->
          <reporter-output>
          </reporter-output>
        </test-method> <!-- runScenario -->
        <test-method signature="runScenario(io.cucumber.testng.PickleWrapper,io.cucumber.testng.FeatureWrapper)[pri:0, instance:Runner_Class.Runner_class@26b3fd41]" started-at="2026-09-07T08:30:51 GMT-07:00" name="runScenario" description="Runs Cucumber Scenarios" data-provider="scenarios" finished-at="2026-09-07T08:30:53 GMT-07:00" duration-ms="2206" status="FAIL">
          <params>
            <param index="0">
              <value>
                <![CDATA["Verify user can sort products by Price high to low"]]>
              </value>
            </param>
            <param index="1">
              <value>
                <![CDATA["Products page functionality"]]>
              </value>
            </param>
          </params>
          <exception class="io.cucumber.java.PendingException">
            <message>
              <![CDATA[TODO: implement me]]>
            </message>
            <full-stacktrace>
              <![CDATA[io.cucumber.java.PendingException: TODO: implement me
at Step_Def_Classes.ProductsPage.user_selects_from_the_sort_dropdown(ProductsPage.java:101)
at ✽.user selects "Price (high to low)" from the sort dropdown(file:///C:/Users/spgit/OneDrive/Software%20testing_Target/Automation_Projects/Sauce_Lab_BDD_framework/src/test/resources/SauceAppTests/productsPage.feature:42)
]]>
            </full-stacktrace>
          </exception> <!-- io.cucumber.java.PendingException -->
          <reporter-output>
          </reporter-output>
        </test-method> <!-- runScenario -->
        <test-method signature="runScenario(io.cucumber.testng.PickleWrapper,io.cucumber.testng.FeatureWrapper)[pri:0, instance:Runner_Class.Runner_class@26b3fd41]" started-at="2026-09-07T08:30:53 GMT-07:00" name="runScenario" description="Runs Cucumber Scenarios" data-provider="scenarios" finished-at="2026-09-07T08:30:56 GMT-07:00" duration-ms="2247" status="FAIL">
          <params>
            <param index="0">
              <value>
                <![CDATA["Verify user can view product details"]]>
              </value>
            </param>
            <param index="1">
              <value>
                <![CDATA["Products page functionality"]]>
              </value>
            </param>
          </params>
          <exception class="io.cucumber.java.PendingException">
            <message>
              <![CDATA[TODO: implement me]]>
            </message>
            <full-stacktrace>
              <![CDATA[io.cucumber.java.PendingException: TODO: implement me
at Step_Def_Classes.ProductsPage.user_clicks_on_a_product_name(ProductsPage.java:131)
at ✽.user clicks on a product name(file:///C:/Users/spgit/OneDrive/Software%20testing_Target/Automation_Projects/Sauce_Lab_BDD_framework/src/test/resources/SauceAppTests/productsPage.feature:47)
]]>
            </full-stacktrace>
          </exception> <!-- io.cucumber.java.PendingException -->
          <reporter-output>
          </reporter-output>
        </test-method> <!-- runScenario -->
        <test-method signature="runScenario(io.cucumber.testng.PickleWrapper,io.cucumber.testng.FeatureWrapper)[pri:0, instance:Runner_Class.Runner_class@26b3fd41]" started-at="2026-09-07T08:30:56 GMT-07:00" name="runScenario" description="Runs Cucumber Scenarios" data-provider="scenarios" finished-at="2026-09-07T08:30:58 GMT-07:00" duration-ms="2162" status="FAIL">
          <params>
            <param index="0">
              <value>
                <![CDATA["Verify user can add a product to cart"]]>
              </value>
            </param>
            <param index="1">
              <value>
                <![CDATA["Products page functionality"]]>
              </value>
            </param>
          </params>
          <exception class="io.cucumber.java.PendingException">
            <message>
              <![CDATA[TODO: implement me]]>
            </message>
            <full-stacktrace>
              <![CDATA[io.cucumber.java.PendingException: TODO: implement me
at Step_Def_Classes.ProductsPage.user_clicks_add_to_cart_for(ProductsPage.java:167)
at ✽.user clicks Add to cart for "Sauce Labs Backpack"(file:///C:/Users/spgit/OneDrive/Software%20testing_Target/Automation_Projects/Sauce_Lab_BDD_framework/src/test/resources/SauceAppTests/productsPage.feature:56)
]]>
            </full-stacktrace>
          </exception> <!-- io.cucumber.java.PendingException -->
          <reporter-output>
          </reporter-output>
        </test-method> <!-- runScenario -->
        <test-method signature="runScenario(io.cucumber.testng.PickleWrapper,io.cucumber.testng.FeatureWrapper)[pri:0, instance:Runner_Class.Runner_class@26b3fd41]" started-at="2026-09-07T08:30:58 GMT-07:00" name="runScenario" description="Runs Cucumber Scenarios" data-provider="scenarios" finished-at="2026-09-07T08:31:00 GMT-07:00" duration-ms="2259" status="FAIL">
          <params>
            <param index="0">
              <value>
                <![CDATA["Verify user can add multiple products to cart"]]>
              </value>
            </param>
            <param index="1">
              <value>
                <![CDATA["Products page functionality"]]>
              </value>
            </param>
          </params>
          <exception class="io.cucumber.java.PendingException">
            <message>
              <![CDATA[TODO: implement me]]>
            </message>
            <full-stacktrace>
              <![CDATA[io.cucumber.java.PendingException: TODO: implement me
at Step_Def_Classes.ProductsPage.user_adds_to_the_cart(ProductsPage.java:185)
at ✽.user adds "Sauce Labs Backpack" to the cart(file:///C:/Users/spgit/OneDrive/Software%20testing_Target/Automation_Projects/Sauce_Lab_BDD_framework/src/test/resources/SauceAppTests/productsPage.feature:62)
]]>
            </full-stacktrace>
          </exception> <!-- io.cucumber.java.PendingException -->
          <reporter-output>
          </reporter-output>
        </test-method> <!-- runScenario -->
        <test-method signature="runScenario(io.cucumber.testng.PickleWrapper,io.cucumber.testng.FeatureWrapper)[pri:0, instance:Runner_Class.Runner_class@26b3fd41]" started-at="2026-09-07T08:31:00 GMT-07:00" name="runScenario" description="Runs Cucumber Scenarios" data-provider="scenarios" finished-at="2026-09-07T08:31:02 GMT-07:00" duration-ms="2279" status="FAIL">
          <params>
            <param index="0">
              <value>
                <![CDATA["Verify Add to cart button changes to Remove button"]]>
              </value>
            </param>
            <param index="1">
              <value>
                <![CDATA["Products page functionality"]]>
              </value>
            </param>
          </params>
          <exception class="io.cucumber.java.PendingException">
            <message>
              <![CDATA[TODO: implement me]]>
            </message>
            <full-stacktrace>
              <![CDATA[io.cucumber.java.PendingException: TODO: implement me
at Step_Def_Classes.ProductsPage.user_clicks_add_to_cart_for(ProductsPage.java:167)
at ✽.user clicks Add to cart for "Sauce Labs Backpack"(file:///C:/Users/spgit/OneDrive/Software%20testing_Target/Automation_Projects/Sauce_Lab_BDD_framework/src/test/resources/SauceAppTests/productsPage.feature:68)
]]>
            </full-stacktrace>
          </exception> <!-- io.cucumber.java.PendingException -->
          <reporter-output>
          </reporter-output>
        </test-method> <!-- runScenario -->
        <test-method signature="runScenario(io.cucumber.testng.PickleWrapper,io.cucumber.testng.FeatureWrapper)[pri:0, instance:Runner_Class.Runner_class@26b3fd41]" started-at="2026-09-07T08:31:02 GMT-07:00" name="runScenario" description="Runs Cucumber Scenarios" data-provider="scenarios" finished-at="2026-09-07T08:31:04 GMT-07:00" duration-ms="2134" status="FAIL">
          <params>
            <param index="0">
              <value>
                <![CDATA["Verify user can remove a product from cart from Products page"]]>
              </value>
            </param>
            <param index="1">
              <value>
                <![CDATA["Products page functionality"]]>
              </value>
            </param>
          </params>
          <exception class="io.cucumber.java.PendingException">
            <message>
              <![CDATA[TODO: implement me]]>
            </message>
            <full-stacktrace>
              <![CDATA[io.cucumber.java.PendingException: TODO: implement me
at Step_Def_Classes.ProductsPage.is_added_to_the_cart(ProductsPage.java:197)
at ✽."Sauce Labs Backpack" is added to the cart(file:///C:/Users/spgit/OneDrive/Software%20testing_Target/Automation_Projects/Sauce_Lab_BDD_framework/src/test/resources/SauceAppTests/productsPage.feature:73)
]]>
            </full-stacktrace>
          </exception> <!-- io.cucumber.java.PendingException -->
          <reporter-output>
          </reporter-output>
        </test-method> <!-- runScenario -->
        <test-method signature="runScenario(io.cucumber.testng.PickleWrapper,io.cucumber.testng.FeatureWrapper)[pri:0, instance:Runner_Class.Runner_class@26b3fd41]" started-at="2026-09-07T08:31:04 GMT-07:00" name="runScenario" description="Runs Cucumber Scenarios" data-provider="scenarios" finished-at="2026-09-07T08:31:07 GMT-07:00" duration-ms="2371" status="FAIL">
          <params>
            <param index="0">
              <value>
                <![CDATA["Verify cart badge displays correct product count"]]>
              </value>
            </param>
            <param index="1">
              <value>
                <![CDATA["Products page functionality"]]>
              </value>
            </param>
          </params>
          <exception class="io.cucumber.java.PendingException">
            <message>
              <![CDATA[TODO: implement me]]>
            </message>
            <full-stacktrace>
              <![CDATA[io.cucumber.java.PendingException: TODO: implement me
at Step_Def_Classes.ProductsPage.user_adds_to_the_cart(ProductsPage.java:185)
at ✽.user adds "Sauce Labs Backpack" to the cart(file:///C:/Users/spgit/OneDrive/Software%20testing_Target/Automation_Projects/Sauce_Lab_BDD_framework/src/test/resources/SauceAppTests/productsPage.feature:80)
]]>
            </full-stacktrace>
          </exception> <!-- io.cucumber.java.PendingException -->
          <reporter-output>
          </reporter-output>
        </test-method> <!-- runScenario -->
        <test-method signature="runScenario(io.cucumber.testng.PickleWrapper,io.cucumber.testng.FeatureWrapper)[pri:0, instance:Runner_Class.Runner_class@26b3fd41]" started-at="2026-09-07T08:31:07 GMT-07:00" name="runScenario" description="Runs Cucumber Scenarios" data-provider="scenarios" finished-at="2026-09-07T08:31:09 GMT-07:00" duration-ms="2321" status="FAIL">
          <params>
            <param index="0">
              <value>
                <![CDATA["Verify user can navigate to Cart page"]]>
              </value>
            </param>
            <param index="1">
              <value>
                <![CDATA["Products page functionality"]]>
              </value>
            </param>
          </params>
          <exception class="io.cucumber.java.PendingException">
            <message>
              <![CDATA[TODO: implement me]]>
            </message>
            <full-stacktrace>
              <![CDATA[io.cucumber.java.PendingException: TODO: implement me
at Step_Def_Classes.ProductsPage.user_clicks_on_the_shopping_cart_icon(ProductsPage.java:221)
at ✽.user clicks on the shopping cart icon(file:///C:/Users/spgit/OneDrive/Software%20testing_Target/Automation_Projects/Sauce_Lab_BDD_framework/src/test/resources/SauceAppTests/productsPage.feature:87)
]]>
            </full-stacktrace>
          </exception> <!-- io.cucumber.java.PendingException -->
          <reporter-output>
          </reporter-output>
        </test-method> <!-- runScenario -->
        <test-method is-config="true" signature="tearDownClass()[pri:0, instance:Runner_Class.Runner_class@26b3fd41]" started-at="2026-09-07T08:31:09 GMT-07:00" name="tearDownClass" finished-at="2026-09-07T08:31:10 GMT-07:00" duration-ms="555" status="PASS">
          <reporter-output>
          </reporter-output>
        </test-method> <!-- tearDownClass -->
      </class> <!-- Runner_Class.Runner_class -->
    </test> <!-- Default test -->
  </suite> <!-- Default suite -->
</testng-results>
