<?xml version="1.0" encoding="UTF-8"?>
<!-- Generated by org.testng.reporters.JUnitReportReporter -->
<testsuite hostname="Komal" failures="0" tests="25" name="Runner_Class.Runner_class" time="61.810" errors="12" timestamp="2026-09-18T16:48:25 GMT-07:00" skipped="0">
  <testcase classname="Runner_Class.Runner_class" name="runScenario" time="2.634"/>
  <testcase classname="Runner_Class.Runner_class" name="runScenario" time="7.049"/>
  <testcase classname="Runner_Class.Runner_class" name="runScenario" time="2.374"/>
  <testcase classname="Runner_Class.Runner_class" name="runScenario" time="2.371"/>
  <testcase classname="Runner_Class.Runner_class" name="runScenario" time="1.644"/>
  <testcase classname="Runner_Class.Runner_class" name="runScenario" time="2.608"/>
  <testcase classname="Runner_Class.Runner_class" name="runScenario" time="2.061">
    <error message="TODO: implement me" type="io.cucumber.java.PendingException">
      <![CDATA[io.cucumber.java.PendingException: TODO: implement me
at Step_Def_Classes.ProductsPage.user_clicks_add_to_cart_for(ProductsPage.java:216)
at ✽.user clicks Add to cart for "Sauce Labs Backpack"(file:///C:/Users/spgit/OneDrive/Software%20testing_Target/Automation_Projects/Sauce_Lab_BDD_framework/src/test/resources/SauceAppTests/productsPage.feature:76)
]]>
    </error>
  </testcase> <!-- runScenario -->
  <testcase classname="Runner_Class.Runner_class" name="runScenario" time="2.274">
    <error message="TODO: implement me" type="io.cucumber.java.PendingException">
      <![CDATA[io.cucumber.java.PendingException: TODO: implement me
at Step_Def_Classes.ProductsPage.product_name_should_be_displayed(ProductsPage.java:191)
at ✽.product name should be displayed "Sauce Labs Bolt T-Shirt"(file:///C:/Users/spgit/OneDrive/Software%20testing_Target/Automation_Projects/Sauce_Lab_BDD_framework/src/test/resources/SauceAppTests/productsPage.feature:49)
]]>
    </error>
  </testcase> <!-- runScenario -->
  <testcase classname="Runner_Class.Runner_class" name="runScenario" time="2.122">
    <error message="TODO: implement me" type="io.cucumber.java.PendingException">
      <![CDATA[io.cucumber.java.PendingException: TODO: implement me
at Step_Def_Classes.ProductsPage.user_adds_to_the_cart(ProductsPage.java:234)
at ✽.user adds "Sauce Labs Backpack" to the cart(file:///C:/Users/spgit/OneDrive/Software%20testing_Target/Automation_Projects/Sauce_Lab_BDD_framework/src/test/resources/SauceAppTests/productsPage.feature:70)
]]>
    </error>
  </testcase> <!-- runScenario -->
  <testcase classname="Runner_Class.Runner_class" name="runScenario" time="2.396"/>
  <testcase classname="Runner_Class.Runner_class" name="runScenario" time="2.292"/>
  <testcase classname="Runner_Class.Runner_class" name="runScenario" time="2.224"/>
  <testcase classname="Runner_Class.Runner_class" name="runScenario" time="2.057">
    <error message="TODO: implement me" type="io.cucumber.java.PendingException">
      <![CDATA[io.cucumber.java.PendingException: TODO: implement me
at Step_Def_Classes.ProductsPage.user_clicks_add_to_cart_for(ProductsPage.java:216)
at ✽.user clicks Add to cart for "Sauce Labs Backpack"(file:///C:/Users/spgit/OneDrive/Software%20testing_Target/Automation_Projects/Sauce_Lab_BDD_framework/src/test/resources/SauceAppTests/productsPage.feature:64)
]]>
    </error>
  </testcase> <!-- runScenario -->
  <testcase classname="Runner_Class.Runner_class" name="runScenario" time="2.139">
    <error message="TODO: implement me" type="io.cucumber.java.PendingException">
      <![CDATA[io.cucumber.java.PendingException: TODO: implement me
at Step_Def_Classes.ProductsPage.user_clicks_on_the_shopping_cart_icon(ProductsPage.java:270)
at ✽.user clicks on the shopping cart icon(file:///C:/Users/spgit/OneDrive/Software%20testing_Target/Automation_Projects/Sauce_Lab_BDD_framework/src/test/resources/SauceAppTests/productsPage.feature:95)
]]>
    </error>
  </testcase> <!-- runScenario -->
  <testcase classname="Runner_Class.Runner_class" name="runScenario" time="2.238">
    <error message="TODO: implement me" type="io.cucumber.java.PendingException">
      <![CDATA[io.cucumber.java.PendingException: TODO: implement me
at Step_Def_Classes.ProductsPage.product_name_should_be_displayed(ProductsPage.java:191)
at ✽.product name should be displayed "Sauce Labs Bike Light"(file:///C:/Users/spgit/OneDrive/Software%20testing_Target/Automation_Projects/Sauce_Lab_BDD_framework/src/test/resources/SauceAppTests/productsPage.feature:49)
]]>
    </error>
  </testcase> <!-- runScenario -->
  <testcase classname="Runner_Class.Runner_class" name="runScenario" time="2.022">
    <error message="TODO: implement me" type="io.cucumber.java.PendingException">
      <![CDATA[io.cucumber.java.PendingException: TODO: implement me
at Step_Def_Classes.ProductsPage.user_adds_to_the_cart(ProductsPage.java:234)
at ✽.user adds "Sauce Labs Backpack" to the cart(file:///C:/Users/spgit/OneDrive/Software%20testing_Target/Automation_Projects/Sauce_Lab_BDD_framework/src/test/resources/SauceAppTests/productsPage.feature:88)
]]>
    </error>
  </testcase> <!-- runScenario -->
  <testcase classname="Runner_Class.Runner_class" name="runScenario" time="2.297">
    <error message="TODO: implement me" type="io.cucumber.java.PendingException">
      <![CDATA[io.cucumber.java.PendingException: TODO: implement me
at Step_Def_Classes.ProductsPage.product_name_should_be_displayed(ProductsPage.java:191)
at ✽.product name should be displayed "Sauce Labs Fleece Jacket"(file:///C:/Users/spgit/OneDrive/Software%20testing_Target/Automation_Projects/Sauce_Lab_BDD_framework/src/test/resources/SauceAppTests/productsPage.feature:49)
]]>
    </error>
  </testcase> <!-- runScenario -->
  <testcase classname="Runner_Class.Runner_class" name="runScenario" time="2.168">
    <error message="TODO: implement me" type="io.cucumber.java.PendingException">
      <![CDATA[io.cucumber.java.PendingException: TODO: implement me
at Step_Def_Classes.ProductsPage.product_name_should_be_displayed(ProductsPage.java:191)
at ✽.product name should be displayed "Sauce Labs Backpack"(file:///C:/Users/spgit/OneDrive/Software%20testing_Target/Automation_Projects/Sauce_Lab_BDD_framework/src/test/resources/SauceAppTests/productsPage.feature:49)
]]>
    </error>
  </testcase> <!-- runScenario -->
  <testcase classname="Runner_Class.Runner_class" name="runScenario" time="2.333">
    <error message="TODO: implement me" type="io.cucumber.java.PendingException">
      <![CDATA[io.cucumber.java.PendingException: TODO: implement me
at Step_Def_Classes.ProductsPage.product_name_should_be_displayed(ProductsPage.java:191)
at ✽.product name should be displayed "Test.allTheThings() T-Shirt (Red)"(file:///C:/Users/spgit/OneDrive/Software%20testing_Target/Automation_Projects/Sauce_Lab_BDD_framework/src/test/resources/SauceAppTests/productsPage.feature:49)
]]>
    </error>
  </testcase> <!-- runScenario -->
  <testcase classname="Runner_Class.Runner_class" name="runScenario" time="1.688"/>
  <testcase classname="Runner_Class.Runner_class" name="runScenario" time="3.711"/>
  <testcase classname="Runner_Class.Runner_class" name="runScenario" time="2.014">
    <error message="TODO: implement me" type="io.cucumber.java.PendingException">
      <![CDATA[io.cucumber.java.PendingException: TODO: implement me
at Step_Def_Classes.ProductsPage.is_added_to_the_cart(ProductsPage.java:246)
at ✽."Sauce Labs Backpack" is added to the cart(file:///C:/Users/spgit/OneDrive/Software%20testing_Target/Automation_Projects/Sauce_Lab_BDD_framework/src/test/resources/SauceAppTests/productsPage.feature:81)
]]>
    </error>
  </testcase> <!-- runScenario -->
  <testcase classname="Runner_Class.Runner_class" name="runScenario" time="2.270"/>
  <testcase classname="Runner_Class.Runner_class" name="runScenario" time="2.404">
    <error message="invalid element state
  (Session info: chrome=152.0.7977.84)
Build info: version: &#039;4.46.0&#039;, revision: &#039;df5a634 df5a6341cbb5f8f06b836bd595752775627c80dc&#039;
System info: os.name: &#039;Windows 11&#039;, os.arch: &#039;amd64&#039;, os.version: &#039;10.0&#039;, java.version: &#039;25.0.1&#039;
Driver info: org.openqa.selenium.chrome.ChromeDriver
Command: [fc0196c62ff8c5f94e950f4dba00bb99, clearElement {id=f.3ED1F950D2F8BDB0A4CE961481013167.d.C08276A352E6052455222F472E46664F.e.18}]
Capabilities {acceptInsecureCerts: false, browserName: chrome, browserVersion: 152.0.7977.84, chrome: {chromedriverVersion: 152.0.7977.82 (d04cdb24d67b..., userDataDir: C:\Users\spgit\AppData\Loca...}, fedcm:accounts: true, goog:chromeOptions: {debuggerAddress: localhost:59484}, goog:processID: 31632, networkConnectionEnabled: false, pageLoadStrategy: normal, platformName: windows, proxy: Proxy(), se:cdp: ws://localhost:59484/devtoo..., se:cdpVersion: 152.0.7977.84, setWindowRect: true, strictFileInteractability: false, timeouts: {implicit: 0, pageLoad: 300000, script: 30000}, unhandledPromptBehavior: dismiss and notify, webauthn:extension:credBlob: true, webauthn:extension:largeBlob: true, webauthn:extension:minPinLength: true, webauthn:extension:prf: true, webauthn:virtualAuthenticators: true}
Element: [[ChromeDriver: chrome on windows (fc0196c62ff8c5f94e950f4dba00bb99)] -&gt; xpath: //div[text()=&#039;Sauce Labs Onesie&#039;]]
Session ID: fc0196c62ff8c5f94e950f4dba00bb99" type="org.openqa.selenium.InvalidElementStateException">
      <![CDATA[org.openqa.selenium.InvalidElementStateException: invalid element state
  (Session info: chrome=152.0.7977.84)
Build info: version: '4.46.0', revision: 'df5a634 df5a6341cbb5f8f06b836bd595752775627c80dc'
System info: os.name: 'Windows 11', os.arch: 'amd64', os.version: '10.0', java.version: '25.0.1'
Driver info: org.openqa.selenium.chrome.ChromeDriver
Command: [fc0196c62ff8c5f94e950f4dba00bb99, clearElement {id=f.3ED1F950D2F8BDB0A4CE961481013167.d.C08276A352E6052455222F472E46664F.e.18}]
Capabilities {acceptInsecureCerts: false, browserName: chrome, browserVersion: 152.0.7977.84, chrome: {chromedriverVersion: 152.0.7977.82 (d04cdb24d67b..., userDataDir: C:\Users\spgit\AppData\Loca...}, fedcm:accounts: true, goog:chromeOptions: {debuggerAddress: localhost:59484}, goog:processID: 31632, networkConnectionEnabled: false, pageLoadStrategy: normal, platformName: windows, proxy: Proxy(), se:cdp: ws://localhost:59484/devtoo..., se:cdpVersion: 152.0.7977.84, setWindowRect: true, strictFileInteractability: false, timeouts: {implicit: 0, pageLoad: 300000, script: 30000}, unhandledPromptBehavior: dismiss and notify, webauthn:extension:credBlob: true, webauthn:extension:largeBlob: true, webauthn:extension:minPinLength: true, webauthn:extension:prf: true, webauthn:virtualAuthenticators: true}
Element: [[ChromeDriver: chrome on windows (fc0196c62ff8c5f94e950f4dba00bb99)] -> xpath: //div[text()='Sauce Labs Onesie']]
Session ID: fc0196c62ff8c5f94e950f4dba00bb99
at org.openqa.selenium.remote.ErrorCodec.decode(ErrorCodec.java:169)
at org.openqa.selenium.remote.codec.w3c.W3CHttpResponseCodec.decode(W3CHttpResponseCodec.java:143)
at org.openqa.selenium.remote.codec.w3c.W3CHttpResponseCodec.decode(W3CHttpResponseCodec.java:50)
at org.openqa.selenium.remote.HttpCommandExecutor.execute(HttpCommandExecutor.java:196)
at org.openqa.selenium.remote.service.DriverCommandExecutor.invokeExecute(DriverCommandExecutor.java:217)
at org.openqa.selenium.remote.service.DriverCommandExecutor.execute(DriverCommandExecutor.java:175)
at org.openqa.selenium.remote.RemoteWebDriver.execute(RemoteWebDriver.java:626)
at org.openqa.selenium.remote.RemoteWebElement.execute(RemoteWebElement.java:225)
at org.openqa.selenium.remote.RemoteWebElement.clear(RemoteWebElement.java:131)
at java.base/jdk.internal.reflect.DirectMethodHandleAccessor.invoke(DirectMethodHandleAccessor.java:104)
at java.base/java.lang.reflect.Method.invoke(Method.java:565)
at org.openqa.selenium.support.pagefactory.internal.LocatingElementHandler.invoke(LocatingElementHandler.java:51)
at jdk.proxy2/jdk.proxy2.$Proxy26.clear(Unknown Source)
at POM_Classes.productsPage.clickOnProduct(productsPage.java:297)
at Step_Def_Classes.ProductsPage.user_clicks_on_a_product_name(ProductsPage.java:178)
at ✽.user clicks on a product name "Sauce Labs Onesie"(file:///C:/Users/spgit/OneDrive/Software%20testing_Target/Automation_Projects/Sauce_Lab_BDD_framework/src/test/resources/SauceAppTests/productsPage.feature:47)
]]>
    </error>
  </testcase> <!-- runScenario -->
  <testcase classname="Runner_Class.Runner_class" name="runScenario" time="2.420"/>
</testsuite> <!-- Runner_Class.Runner_class -->
