<?xml version="1.0" encoding="UTF-8"?>
<!-- Generated by org.testng.reporters.JUnitReportReporter -->
<testsuite hostname="Komal" failures="0" tests="20" name="Runner_Class.Runner_class" time="37.963" errors="9" timestamp="2026-09-08T12:13:14 GMT-07:00" skipped="0">
  <testcase classname="Runner_Class.Runner_class" name="runScenario" time="1.738">
    <error message="The step &#039;user selects &quot;Price (high to low)&quot; from the sort dropdown&#039; is undefined.
You can implement this step using the snippet(s) below:

@When(&quot;user selects {string} from the sort dropdown&quot;)
public void user_selects_from_the_sort_dropdown(String string) {
    // Write code here that turns the phrase above into concrete actions
    throw new io.cucumber.java.PendingException();
}
" type="io.cucumber.testng.UndefinedStepException">
      <![CDATA[io.cucumber.testng.UndefinedStepException: The step 'user selects "Price (high to low)" from the sort dropdown' is undefined.
You can implement this step using the snippet(s) below:

@When("user selects {string} from the sort dropdown")
public void user_selects_from_the_sort_dropdown(String string) {
    // Write code here that turns the phrase above into concrete actions
    throw new io.cucumber.java.PendingException();
}

at ✽.user selects "Price (high to low)" from the sort dropdown(file:///C:/Users/spgit/OneDrive/Software%20testing_Target/Automation_Projects/Sauce_Lab_BDD_framework/src/test/resources/SauceAppTests/productsPage.feature:42)
]]>
    </error>
  </testcase> <!-- runScenario -->
  <testcase classname="Runner_Class.Runner_class" name="runScenario" time="1.411"/>
  <testcase classname="Runner_Class.Runner_class" name="runScenario" time="1.534"/>
  <testcase classname="Runner_Class.Runner_class" name="runScenario" time="1.753">
    <error message="TODO: implement me" type="io.cucumber.java.PendingException">
      <![CDATA[io.cucumber.java.PendingException: TODO: implement me
at Step_Def_Classes.ProductsPage.user_adds_to_the_cart(ProductsPage.java:214)
at ✽.user adds "Sauce Labs Backpack" to the cart(file:///C:/Users/spgit/OneDrive/Software%20testing_Target/Automation_Projects/Sauce_Lab_BDD_framework/src/test/resources/SauceAppTests/productsPage.feature:62)
]]>
    </error>
  </testcase> <!-- runScenario -->
  <testcase classname="Runner_Class.Runner_class" name="runScenario" time="1.661"/>
  <testcase classname="Runner_Class.Runner_class" name="runScenario" time="1.629"/>
  <testcase classname="Runner_Class.Runner_class" name="runScenario" time="1.424"/>
  <testcase classname="Runner_Class.Runner_class" name="runScenario" time="1.732">
    <error message="TODO: implement me" type="io.cucumber.java.PendingException">
      <![CDATA[io.cucumber.java.PendingException: TODO: implement me
at Step_Def_Classes.ProductsPage.user_clicks_add_to_cart_for(ProductsPage.java:196)
at ✽.user clicks Add to cart for "Sauce Labs Backpack"(file:///C:/Users/spgit/OneDrive/Software%20testing_Target/Automation_Projects/Sauce_Lab_BDD_framework/src/test/resources/SauceAppTests/productsPage.feature:68)
]]>
    </error>
  </testcase> <!-- runScenario -->
  <testcase classname="Runner_Class.Runner_class" name="runScenario" time="1.717">
    <error message="TODO: implement me" type="io.cucumber.java.PendingException">
      <![CDATA[io.cucumber.java.PendingException: TODO: implement me
at Step_Def_Classes.ProductsPage.user_adds_to_the_cart(ProductsPage.java:214)
at ✽.user adds "Sauce Labs Backpack" to the cart(file:///C:/Users/spgit/OneDrive/Software%20testing_Target/Automation_Projects/Sauce_Lab_BDD_framework/src/test/resources/SauceAppTests/productsPage.feature:80)
]]>
    </error>
  </testcase> <!-- runScenario -->
  <testcase classname="Runner_Class.Runner_class" name="runScenario" time="1.432"/>
  <testcase classname="Runner_Class.Runner_class" name="runScenario" time="1.662">
    <error message="TODO: implement me" type="io.cucumber.java.PendingException">
      <![CDATA[io.cucumber.java.PendingException: TODO: implement me
at Step_Def_Classes.ProductsPage.user_clicks_on_a_product_name(ProductsPage.java:160)
at ✽.user clicks on a product name(file:///C:/Users/spgit/OneDrive/Software%20testing_Target/Automation_Projects/Sauce_Lab_BDD_framework/src/test/resources/SauceAppTests/productsPage.feature:47)
]]>
    </error>
  </testcase> <!-- runScenario -->
  <testcase classname="Runner_Class.Runner_class" name="runScenario" time="1.730">
    <error message="TODO: implement me" type="io.cucumber.java.PendingException">
      <![CDATA[io.cucumber.java.PendingException: TODO: implement me
at Step_Def_Classes.ProductsPage.is_added_to_the_cart(ProductsPage.java:226)
at ✽."Sauce Labs Backpack" is added to the cart(file:///C:/Users/spgit/OneDrive/Software%20testing_Target/Automation_Projects/Sauce_Lab_BDD_framework/src/test/resources/SauceAppTests/productsPage.feature:73)
]]>
    </error>
  </testcase> <!-- runScenario -->
  <testcase classname="Runner_Class.Runner_class" name="runScenario" time="1.608"/>
  <testcase classname="Runner_Class.Runner_class" name="runScenario" time="6.445"/>
  <testcase classname="Runner_Class.Runner_class" name="runScenario" time="1.620"/>
  <testcase classname="Runner_Class.Runner_class" name="runScenario" time="1.741"/>
  <testcase classname="Runner_Class.Runner_class" name="runScenario" time="1.791">
    <error message="TODO: implement me" type="io.cucumber.java.PendingException">
      <![CDATA[io.cucumber.java.PendingException: TODO: implement me
at Step_Def_Classes.ProductsPage.user_clicks_on_the_shopping_cart_icon(ProductsPage.java:250)
at ✽.user clicks on the shopping cart icon(file:///C:/Users/spgit/OneDrive/Software%20testing_Target/Automation_Projects/Sauce_Lab_BDD_framework/src/test/resources/SauceAppTests/productsPage.feature:87)
]]>
    </error>
  </testcase> <!-- runScenario -->
  <testcase classname="Runner_Class.Runner_class" name="runScenario" time="1.855"/>
  <testcase classname="Runner_Class.Runner_class" name="runScenario" time="1.822">
    <error message="TODO: implement me" type="io.cucumber.java.PendingException">
      <![CDATA[io.cucumber.java.PendingException: TODO: implement me
at Step_Def_Classes.ProductsPage.user_clicks_add_to_cart_for(ProductsPage.java:196)
at ✽.user clicks Add to cart for "Sauce Labs Backpack"(file:///C:/Users/spgit/OneDrive/Software%20testing_Target/Automation_Projects/Sauce_Lab_BDD_framework/src/test/resources/SauceAppTests/productsPage.feature:56)
]]>
    </error>
  </testcase> <!-- runScenario -->
  <testcase classname="Runner_Class.Runner_class" name="runScenario" time="1.658">
    <error message="The step &#039;user selects &quot;Price (low to high)&quot; from the sort dropdown&#039; is undefined.
You can implement this step using the snippet(s) below:

@When(&quot;user selects {string} from the sort dropdown&quot;)
public void user_selects_from_the_sort_dropdown(String string) {
    // Write code here that turns the phrase above into concrete actions
    throw new io.cucumber.java.PendingException();
}
" type="io.cucumber.testng.UndefinedStepException">
      <![CDATA[io.cucumber.testng.UndefinedStepException: The step 'user selects "Price (low to high)" from the sort dropdown' is undefined.
You can implement this step using the snippet(s) below:

@When("user selects {string} from the sort dropdown")
public void user_selects_from_the_sort_dropdown(String string) {
    // Write code here that turns the phrase above into concrete actions
    throw new io.cucumber.java.PendingException();
}

at ✽.user selects "Price (low to high)" from the sort dropdown(file:///C:/Users/spgit/OneDrive/Software%20testing_Target/Automation_Projects/Sauce_Lab_BDD_framework/src/test/resources/SauceAppTests/productsPage.feature:37)
]]>
    </error>
  </testcase> <!-- runScenario -->
</testsuite> <!-- Runner_Class.Runner_class -->
